# JRE version: Java(TM) SE Runtime Environment (8.0_181-b13) (build 1.8.0_181-b13)
# Java VM: Java HotSpot(TM) 64-Bit Server VM (25.181-b13 mixed mode linux-amd64 compressed oops)
Heap:
 PSYoungGen      total 74752K, used 5806K [0x000000076d180000, 0x0000000772480000, 0x00000007c0000000)
  eden space 64512K, 9% used [0x000000076d180000,0x000000076d72ba30,0x0000000771080000)
  from space 10240K, 0% used [0x0000000771080000,0x0000000771080000,0x0000000771a80000)
  to   space 10240K, 0% used [0x0000000771a80000,0x0000000771a80000,0x0000000772480000)
 ParOldGen       total 171008K, used 728K [0x00000006c7400000, 0x00000006d1b00000, 0x000000076d180000)
  object space 171008K, 0% used [0x00000006c7400000,0x00000006c74b6050,0x00000006d1b00000)
 Metaspace       used 6150K, capacity 6298K, committed 6528K, reserved 1056768K
  class space    used 722K, capacity 772K, committed 896K, reserved 1048576K
GC Heap History (4 events):
Event: 0.135 GC heap before
{Heap before GC invocations=1 (full 0):
 PSYoungGen      total 74752K, used 5161K [0x000000076d180000, 0x0000000772480000, 0x00000007c0000000)
  eden space 64512K, 8% used [0x000000076d180000,0x000000076d68a668,0x0000000771080000)
  from space 10240K, 0% used [0x0000000771a80000,0x0000000771a80000,0x0000000772480000)
  to   space 10240K, 0% used [0x0000000771080000,0x0000000771080000,0x0000000771a80000)
 ParOldGen       total 171008K, used 0K [0x00000006c7400000, 0x00000006d1b00000, 0x000000076d180000)
  object space 171008K, 0% used [0x00000006c7400000,0x00000006c7400000,0x00000006d1b00000)
 Metaspace       used 5310K, capacity 5418K, committed 5632K, reserved 1056768K
  class space    used 607K, capacity 660K, committed 768K, reserved 1048576K
Event: 0.136 GC heap after
Heap after GC invocations=1 (full 0):
 PSYoungGen      total 74752K, used 848K [0x000000076d180000, 0x0000000772480000, 0x00000007c0000000)
  eden space 64512K, 0% used [0x000000076d180000,0x000000076d180000,0x0000000771080000)
  from space 10240K, 8% used [0x0000000771080000,0x0000000771154010,0x0000000771a80000)
  to   space 10240K, 0% used [0x0000000771a80000,0x0000000771a80000,0x0000000772480000)
 ParOldGen       total 171008K, used 8K [0x00000006c7400000, 0x00000006d1b00000, 0x000000076d180000)
  object space 171008K, 0% used [0x00000006c7400000,0x00000006c7402000,0x00000006d1b00000)
 Metaspace       used 5310K, capacity 5418K, committed 5632K, reserved 1056768K
  class space    used 607K, capacity 660K, committed 768K, reserved 1048576K
}
Event: 0.137 GC heap before
{Heap before GC invocations=2 (full 1):
 PSYoungGen      total 74752K, used 848K [0x000000076d180000, 0x0000000772480000, 0x00000007c0000000)
  eden space 64512K, 0% used [0x000000076d180000,0x000000076d180000,0x0000000771080000)
  from space 10240K, 8% used [0x0000000771080000,0x0000000771154010,0x0000000771a80000)
  to   space 10240K, 0% used [0x0000000771a80000,0x0000000771a80000,0x0000000772480000)
 ParOldGen       total 171008K, used 8K [0x00000006c7400000, 0x00000006d1b00000, 0x000000076d180000)
  object space 171008K, 0% used [0x00000006c7400000,0x00000006c7402000,0x00000006d1b00000)
 Metaspace       used 5310K, capacity 5418K, committed 5632K, reserved 1056768K
  class space    used 607K, capacity 660K, committed 768K, reserved 1048576K
Event: 0.143 GC heap after
Heap after GC invocations=2 (full 1):
 PSYoungGen      total 74752K, used 0K [0x000000076d180000, 0x0000000772480000, 0x00000007c0000000)
  eden space 64512K, 0% used [0x000000076d180000,0x000000076d180000,0x0000000771080000)
  from space 10240K, 0% used [0x0000000771080000,0x0000000771080000,0x0000000771a80000)
  to   space 10240K, 0% used [0x0000000771a80000,0x0000000771a80000,0x0000000772480000)
 ParOldGen       total 171008K, used 728K [0x00000006c7400000, 0x00000006d1b00000, 0x000000076d180000)
  object space 171008K, 0% used [0x00000006c7400000,0x00000006c74b6050,0x00000006d1b00000)
 Metaspace       used 5310K, capacity 5418K, committed 5632K, reserved 1056768K
  class space    used 607K, capacity 660K, committed 768K, reserved 1048576K
}

